

Microchip MPLAB XC8 Assembler V2.20 build 20200408173844 
                                                                                               Tue May 04 14:35:34 2021

Microchip MPLAB XC8 C Compiler v2.20 (Free license) build 20200408173844 Og1 
     1                           	processor	16F887
     2                           	pagewidth 120
     3                           	opt	flic
     4                           	psect	strings,global,class=STRING,delta=2,noexec
     5                           	psect	cinit,global,class=CODE,merge=1,delta=2
     6                           	psect	bssCOMMON,global,class=COMMON,space=1,delta=1,noexec
     7                           	psect	bssBANK0,global,class=BANK0,space=1,delta=1,noexec
     8                           	psect	cstackCOMMON,global,class=COMMON,space=1,delta=1,noexec
     9                           	psect	cstackBANK0,global,class=BANK0,space=1,delta=1,noexec
    10                           	psect	maintext,global,class=CODE,split=1,delta=2
    11                           	psect	text1,local,class=CODE,merge=1,delta=2
    12                           	psect	text2,local,class=CODE,merge=1,delta=2
    13                           	psect	text3,local,class=CODE,merge=1,delta=2
    14                           	psect	intentry,global,class=CODE,delta=2
    15                           	psect	config,global,abs,ovrld,class=CONFIG,space=4,delta=2,noexec
    16                           	dabs	1,0x7E,2
    17  0000                     
    18                           ; Version 2.20
    19                           ; Generated 12/02/2020 GMT
    20                           ; 
    21                           ; Copyright © 2020, Microchip Technology Inc. and its subsidiaries ("Microchip")
    22                           ; All rights reserved.
    23                           ; 
    24                           ; This software is developed by Microchip Technology Inc. and its subsidiaries ("Microch
      +                          ip").
    25                           ; 
    26                           ; Redistribution and use in source and binary forms, with or without modification, are
    27                           ; permitted provided that the following conditions are met:
    28                           ; 
    29                           ;     1. Redistributions of source code must retain the above copyright notice, this lis
      +                          t of
    30                           ;        conditions and the following disclaimer.
    31                           ; 
    32                           ;     2. Redistributions in binary form must reproduce the above copyright notice, this 
      +                          list
    33                           ;        of conditions and the following disclaimer in the documentation and/or other
    34                           ;        materials provided with the distribution.
    35                           ; 
    36                           ;     3. Microchip's name may not be used to endorse or promote products derived from th
      +                          is
    37                           ;        software without specific prior written permission.
    38                           ; 
    39                           ; THIS SOFTWARE IS PROVIDED BY MICROCHIP "AS IS" AND ANY EXPRESS OR IMPLIED WARRANTIES,
    40                           ; INCLUDING, BUT NOT LIMITED TO, THE IMPLIED WARRANTIES OF MERCHANTABILITY AND FITNESS F
      +                          OR
    41                           ; PURPOSE ARE DISCLAIMED.  IN NO EVENT SHALL MICROCHIP BE LIABLE FOR ANY DIRECT, INDIREC
      +                          T,
    42                           ; INCIDENTAL, SPECIAL, EXEMPLARY, OR CONSEQUENTIAL DAMAGES (INCLUDING BUT NOT LIMITED TO
    43                           ; PROCUREMENT OF SUBSTITUTE GOODS OR SERVICES; LOSS OF USE, DATA OR PROFITS; OR BUSINESS
    44                           ; INTERRUPTION) HOWSOEVER CAUSED AND ON ANY THEORY OF LIABILITY, WHETHER IN CONTRACT, ST
      +                          RICT
    45                           ; LIABILITY, OR TORT (INCLUDING NEGLIGENCE OR OTHERWISE) ARISING IN ANY WAY OUT OF THE U
      +                          SE OF
    46                           ; THIS SOFTWARE, EVEN IF ADVISED OF THE POSSIBILITY OF SUCH DAMAGE.
    47                           ; 
    48                           ; 
    49                           ; Code-generator required, PIC16F887 Definitions
    50                           ; 
    51                           ; SFR Addresses
    52  0000                     	;# 
    53  0001                     	;# 
    54  0002                     	;# 
    55  0003                     	;# 
    56  0004                     	;# 
    57  0005                     	;# 
    58  0006                     	;# 
    59  0007                     	;# 
    60  0008                     	;# 
    61  0009                     	;# 
    62  000A                     	;# 
    63  000B                     	;# 
    64  000C                     	;# 
    65  000D                     	;# 
    66  000E                     	;# 
    67  000E                     	;# 
    68  000F                     	;# 
    69  0010                     	;# 
    70  0011                     	;# 
    71  0012                     	;# 
    72  0013                     	;# 
    73  0014                     	;# 
    74  0015                     	;# 
    75  0015                     	;# 
    76  0016                     	;# 
    77  0017                     	;# 
    78  0018                     	;# 
    79  0019                     	;# 
    80  001A                     	;# 
    81  001B                     	;# 
    82  001B                     	;# 
    83  001C                     	;# 
    84  001D                     	;# 
    85  001E                     	;# 
    86  001F                     	;# 
    87  0081                     	;# 
    88  0085                     	;# 
    89  0086                     	;# 
    90  0087                     	;# 
    91  0088                     	;# 
    92  0089                     	;# 
    93  008C                     	;# 
    94  008D                     	;# 
    95  008E                     	;# 
    96  008F                     	;# 
    97  0090                     	;# 
    98  0091                     	;# 
    99  0092                     	;# 
   100  0093                     	;# 
   101  0093                     	;# 
   102  0093                     	;# 
   103  0094                     	;# 
   104  0095                     	;# 
   105  0096                     	;# 
   106  0097                     	;# 
   107  0098                     	;# 
   108  0099                     	;# 
   109  009A                     	;# 
   110  009B                     	;# 
   111  009C                     	;# 
   112  009D                     	;# 
   113  009E                     	;# 
   114  009F                     	;# 
   115  0105                     	;# 
   116  0107                     	;# 
   117  0108                     	;# 
   118  0109                     	;# 
   119  010C                     	;# 
   120  010C                     	;# 
   121  010D                     	;# 
   122  010E                     	;# 
   123  010F                     	;# 
   124  0185                     	;# 
   125  0187                     	;# 
   126  0188                     	;# 
   127  0189                     	;# 
   128  018C                     	;# 
   129  018D                     	;# 
   130  0000                     	;# 
   131  0001                     	;# 
   132  0002                     	;# 
   133  0003                     	;# 
   134  0004                     	;# 
   135  0005                     	;# 
   136  0006                     	;# 
   137  0007                     	;# 
   138  0008                     	;# 
   139  0009                     	;# 
   140  000A                     	;# 
   141  000B                     	;# 
   142  000C                     	;# 
   143  000D                     	;# 
   144  000E                     	;# 
   145  000E                     	;# 
   146  000F                     	;# 
   147  0010                     	;# 
   148  0011                     	;# 
   149  0012                     	;# 
   150  0013                     	;# 
   151  0014                     	;# 
   152  0015                     	;# 
   153  0015                     	;# 
   154  0016                     	;# 
   155  0017                     	;# 
   156  0018                     	;# 
   157  0019                     	;# 
   158  001A                     	;# 
   159  001B                     	;# 
   160  001B                     	;# 
   161  001C                     	;# 
   162  001D                     	;# 
   163  001E                     	;# 
   164  001F                     	;# 
   165  0081                     	;# 
   166  0085                     	;# 
   167  0086                     	;# 
   168  0087                     	;# 
   169  0088                     	;# 
   170  0089                     	;# 
   171  008C                     	;# 
   172  008D                     	;# 
   173  008E                     	;# 
   174  008F                     	;# 
   175  0090                     	;# 
   176  0091                     	;# 
   177  0092                     	;# 
   178  0093                     	;# 
   179  0093                     	;# 
   180  0093                     	;# 
   181  0094                     	;# 
   182  0095                     	;# 
   183  0096                     	;# 
   184  0097                     	;# 
   185  0098                     	;# 
   186  0099                     	;# 
   187  009A                     	;# 
   188  009B                     	;# 
   189  009C                     	;# 
   190  009D                     	;# 
   191  009E                     	;# 
   192  009F                     	;# 
   193  0105                     	;# 
   194  0107                     	;# 
   195  0108                     	;# 
   196  0109                     	;# 
   197  010C                     	;# 
   198  010C                     	;# 
   199  010D                     	;# 
   200  010E                     	;# 
   201  010F                     	;# 
   202  0185                     	;# 
   203  0187                     	;# 
   204  0188                     	;# 
   205  0189                     	;# 
   206  018C                     	;# 
   207  018D                     	;# 
   208  0019                     _TXREG	set	25
   209  0009                     _PORTE	set	9
   210  0008                     _PORTD	set	8
   211  0007                     _PORTC	set	7
   212  0006                     _PORTB	set	6
   213  0005                     _PORTA	set	5
   214  000C                     _PIR1bits	set	12
   215  000B                     _INTCON	set	11
   216  001A                     _RCREG	set	26
   217  00C4                     _CREN	set	196
   218  00C7                     _SPEN	set	199
   219  0028                     _RA0	set	40
   220  0065                     _RCIF	set	101
   221  0085                     _TRISA	set	133
   222  0088                     _TRISD	set	136
   223  0086                     _TRISB	set	134
   224  0099                     _SPBRG	set	153
   225  008C                     _PIE1bits	set	140
   226  04C4                     _SYNC	set	1220
   227  04C5                     _TXEN	set	1221
   228  047E                     _IRCF2	set	1150
   229  047D                     _IRCF1	set	1149
   230  047C                     _IRCF0	set	1148
   231  0189                     _ANSELH	set	393
   232  0188                     _ANSEL	set	392
   233                           
   234                           	psect	strings
   235  0100                     __pstrings:
   236  0100                     stringtab:
   237  0100                     __stringtab:
   238  0100                     stringcode:	
   239                           ;	String table - string pointers are 1 byte each
   240                           
   241  0100                     stringdir:
   242  0100  3001               	movlw	high stringdir
   243  0101  008A               	movwf	10
   244  0102  0804               	movf	4,w
   245  0103  0A84               	incf	4,f
   246  0104  0782               	addwf	2,f
   247  0105                     __stringbase:
   248  0105  3400               	retlw	0
   249  0106                     __end_of__stringtab:
   250  0106                     STR_6:
   251  0106  3449               	retlw	73	;'I'
   252  0107  346E               	retlw	110	;'n'
   253  0108  3467               	retlw	103	;'g'
   254  0109  3472               	retlw	114	;'r'
   255  010A  3465               	retlw	101	;'e'
   256  010B  3473               	retlw	115	;'s'
   257  010C  3461               	retlw	97	;'a'
   258  010D  3420               	retlw	32	;' '
   259  010E  3475               	retlw	117	;'u'
   260  010F  346E               	retlw	110	;'n'
   261  0110  3420               	retlw	32	;' '
   262  0111  3463               	retlw	99	;'c'
   263  0112  3461               	retlw	97	;'a'
   264  0113  3472               	retlw	114	;'r'
   265  0114  3461               	retlw	97	;'a'
   266  0115  3463               	retlw	99	;'c'
   267  0116  3474               	retlw	116	;'t'
   268  0117  3465               	retlw	101	;'e'
   269  0118  3472               	retlw	114	;'r'
   270  0119  3420               	retlw	32	;' '
   271  011A  3470               	retlw	112	;'p'
   272  011B  3461               	retlw	97	;'a'
   273  011C  3472               	retlw	114	;'r'
   274  011D  3461               	retlw	97	;'a'
   275  011E  3420               	retlw	32	;' '
   276  011F  3465               	retlw	101	;'e'
   277  0120  346C               	retlw	108	;'l'
   278  0121  3420               	retlw	32	;' '
   279  0122  3470               	retlw	112	;'p'
   280  0123  3475               	retlw	117	;'u'
   281  0124  3465               	retlw	101	;'e'
   282  0125  3472               	retlw	114	;'r'
   283  0126  3474               	retlw	116	;'t'
   284  0127  346F               	retlw	111	;'o'
   285  0128  3420               	retlw	32	;' '
   286  0129  3442               	retlw	66	;'B'
   287  012A  343A               	retlw	58	;':'
   288  012B  3420               	retlw	32	;' '
   289  012C  3400               	retlw	0
   290  012D                     STR_10:
   291  012D  3449               	retlw	73	;'I'
   292  012E  346E               	retlw	110	;'n'
   293  012F  3467               	retlw	103	;'g'
   294  0130  3472               	retlw	114	;'r'
   295  0131  3465               	retlw	101	;'e'
   296  0132  3473               	retlw	115	;'s'
   297  0133  3461               	retlw	97	;'a'
   298  0134  3420               	retlw	32	;' '
   299  0135  3475               	retlw	117	;'u'
   300  0136  346E               	retlw	110	;'n'
   301  0137  3420               	retlw	32	;' '
   302  0138  3463               	retlw	99	;'c'
   303  0139  3461               	retlw	97	;'a'
   304  013A  3472               	retlw	114	;'r'
   305  013B  3461               	retlw	97	;'a'
   306  013C  3463               	retlw	99	;'c'
   307  013D  3474               	retlw	116	;'t'
   308  013E  3465               	retlw	101	;'e'
   309  013F  3472               	retlw	114	;'r'
   310  0140  3420               	retlw	32	;' '
   311  0141  3470               	retlw	112	;'p'
   312  0142  3461               	retlw	97	;'a'
   313  0143  3472               	retlw	114	;'r'
   314  0144  3461               	retlw	97	;'a'
   315  0145  3420               	retlw	32	;' '
   316  0146  3465               	retlw	101	;'e'
   317  0147  346C               	retlw	108	;'l'
   318  0148  3420               	retlw	32	;' '
   319  0149  3470               	retlw	112	;'p'
   320  014A  3475               	retlw	117	;'u'
   321  014B  3465               	retlw	101	;'e'
   322  014C  3472               	retlw	114	;'r'
   323  014D  3474               	retlw	116	;'t'
   324  014E  346F               	retlw	111	;'o'
   325  014F  3420               	retlw	32	;' '
   326  0150  3444               	retlw	68	;'D'
   327  0151  343A               	retlw	58	;':'
   328  0152  3420               	retlw	32	;' '
   329  0153  3400               	retlw	0
   330  0154                     STR_14:
   331  0154  3428               	retlw	40	;'('
   332  0155  3431               	retlw	49	;'1'
   333  0156  3429               	retlw	41	;')'
   334  0157  3420               	retlw	32	;' '
   335  0158  3444               	retlw	68	;'D'
   336  0159  3465               	retlw	101	;'e'
   337  015A  3473               	retlw	115	;'s'
   338  015B  3470               	retlw	112	;'p'
   339  015C  346C               	retlw	108	;'l'
   340  015D  3465               	retlw	101	;'e'
   341  015E  3467               	retlw	103	;'g'
   342  015F  3461               	retlw	97	;'a'
   343  0160  3472               	retlw	114	;'r'
   344  0161  3420               	retlw	32	;' '
   345  0162  3463               	retlw	99	;'c'
   346  0163  3461               	retlw	97	;'a'
   347  0164  3464               	retlw	100	;'d'
   348  0165  3465               	retlw	101	;'e'
   349  0166  346E               	retlw	110	;'n'
   350  0167  3461               	retlw	97	;'a'
   351  0168  3420               	retlw	32	;' '
   352  0169  3464               	retlw	100	;'d'
   353  016A  3465               	retlw	101	;'e'
   354  016B  3420               	retlw	32	;' '
   355  016C  3463               	retlw	99	;'c'
   356  016D  3461               	retlw	97	;'a'
   357  016E  3472               	retlw	114	;'r'
   358  016F  3461               	retlw	97	;'a'
   359  0170  3463               	retlw	99	;'c'
   360  0171  3474               	retlw	116	;'t'
   361  0172  3465               	retlw	101	;'e'
   362  0173  3472               	retlw	114	;'r'
   363  0174  3465               	retlw	101	;'e'
   364  0175  3473               	retlw	115	;'s'
   365  0176  3420               	retlw	32	;' '
   366  0177  340D               	retlw	13
   367  0178  3400               	retlw	0
   368  0179                     STR_13:
   369  0179  3451               	retlw	81	;'Q'
   370  017A  3475               	retlw	117	;'u'
   371  017B  3465               	retlw	101	;'e'
   372  017C  3420               	retlw	32	;' '
   373  017D  3461               	retlw	97	;'a'
   374  017E  3463               	retlw	99	;'c'
   375  017F  3463               	retlw	99	;'c'
   376  0180  3469               	retlw	105	;'i'
   377  0181  346F               	retlw	111	;'o'
   378  0182  346E               	retlw	110	;'n'
   379  0183  3420               	retlw	32	;' '
   380  0184  3464               	retlw	100	;'d'
   381  0185  3465               	retlw	101	;'e'
   382  0186  3473               	retlw	115	;'s'
   383  0187  3465               	retlw	101	;'e'
   384  0188  3461               	retlw	97	;'a'
   385  0189  3420               	retlw	32	;' '
   386  018A  3465               	retlw	101	;'e'
   387  018B  346A               	retlw	106	;'j'
   388  018C  3463               	retlw	99	;'c'
   389  018D  3475               	retlw	117	;'u'
   390  018E  3474               	retlw	116	;'t'
   391  018F  3461               	retlw	97	;'a'
   392  0190  3472               	retlw	114	;'r'
   393  0191  343F               	retlw	63	;'?'
   394  0192  3420               	retlw	32	;' '
   395  0193  340D               	retlw	13
   396  0194  3400               	retlw	0
   397  0195                     STR_15:
   398  0195  3428               	retlw	40	;'('
   399  0196  3432               	retlw	50	;'2'
   400  0197  3429               	retlw	41	;')'
   401  0198  3420               	retlw	32	;' '
   402  0199  3443               	retlw	67	;'C'
   403  019A  3461               	retlw	97	;'a'
   404  019B  346D               	retlw	109	;'m'
   405  019C  3462               	retlw	98	;'b'
   406  019D  3469               	retlw	105	;'i'
   407  019E  3461               	retlw	97	;'a'
   408  019F  3472               	retlw	114	;'r'
   409  01A0  3420               	retlw	32	;' '
   410  01A1  3450               	retlw	80	;'P'
   411  01A2  344F               	retlw	79	;'O'
   412  01A3  3452               	retlw	82	;'R'
   413  01A4  3454               	retlw	84	;'T'
   414  01A5  3442               	retlw	66	;'B'
   415  01A6  3420               	retlw	32	;' '
   416  01A7  340D               	retlw	13
   417  01A8  3400               	retlw	0
   418  01A9                     STR_16:
   419  01A9  3428               	retlw	40	;'('
   420  01AA  3433               	retlw	51	;'3'
   421  01AB  3429               	retlw	41	;')'
   422  01AC  3420               	retlw	32	;' '
   423  01AD  3443               	retlw	67	;'C'
   424  01AE  3461               	retlw	97	;'a'
   425  01AF  346D               	retlw	109	;'m'
   426  01B0  3462               	retlw	98	;'b'
   427  01B1  3469               	retlw	105	;'i'
   428  01B2  3461               	retlw	97	;'a'
   429  01B3  3472               	retlw	114	;'r'
   430  01B4  3420               	retlw	32	;' '
   431  01B5  3450               	retlw	80	;'P'
   432  01B6  344F               	retlw	79	;'O'
   433  01B7  3452               	retlw	82	;'R'
   434  01B8  3454               	retlw	84	;'T'
   435  01B9  3444               	retlw	68	;'D'
   436  01BA  3420               	retlw	32	;' '
   437  01BB  340D               	retlw	13
   438  01BC  3400               	retlw	0
   439  01BD                     STR_2:
   440  01BD  3448               	retlw	72	;'H'
   441  01BE  346F               	retlw	111	;'o'
   442  01BF  346C               	retlw	108	;'l'
   443  01C0  3461               	retlw	97	;'a'
   444  01C1  3420               	retlw	32	;' '
   445  01C2  3461               	retlw	97	;'a'
   446  01C3  3420               	retlw	32	;' '
   447  01C4  3454               	retlw	84	;'T'
   448  01C5  346F               	retlw	111	;'o'
   449  01C6  3464               	retlw	100	;'d'
   450  01C7  346F               	retlw	111	;'o'
   451  01C8  3473               	retlw	115	;'s'
   452  01C9  3420               	retlw	32	;' '
   453  01CA  340D               	retlw	13
   454  01CB  3400               	retlw	0
   455  0193                     
   456                           	psect	cinit
   457  000F                     start_initialization:	
   458                           ; #config settings
   459                           
   460  000F                     __initialization:
   461                           
   462                           ; Clear objects allocated to COMMON
   463  000F  01F0               	clrf	__pbssCOMMON& (0+127)
   464  0010  01F1               	clrf	(__pbssCOMMON+1)& (0+127)
   465  0011  01F2               	clrf	(__pbssCOMMON+2)& (0+127)
   466  0012  01F3               	clrf	(__pbssCOMMON+3)& (0+127)
   467  0013  01F4               	clrf	(__pbssCOMMON+4)& (0+127)
   468  0014  01F5               	clrf	(__pbssCOMMON+5)& (0+127)
   469                           
   470                           ; Clear objects allocated to BANK0
   471  0015  1283               	bcf	3,5	;RP0=0, select bank0
   472  0016  1303               	bcf	3,6	;RP1=0, select bank0
   473  0017  01A7               	clrf	__pbssBANK0& (0+127)
   474  0018  01A8               	clrf	(__pbssBANK0+1)& (0+127)
   475  0019                     end_of_initialization:	
   476                           ;End of C runtime variable initialization code
   477                           
   478  0019                     __end_of__initialization:
   479  0019  0183               	clrf	3
   480  001A  120A  118A  281D   	ljmp	_main	;jump to C main() function
   481                           
   482                           	psect	bssCOMMON
   483  0070                     __pbssCOMMON:
   484  0070                     _Valor:
   485  0070                     	ds	2
   486  0072                     _continuar:
   487  0072                     	ds	2
   488  0074                     _Entrada:
   489  0074                     	ds	2
   490                           
   491                           	psect	bssBANK0
   492  0027                     __pbssBANK0:
   493  0027                     _V_Receptor:
   494  0027                     	ds	2
   495                           
   496                           	psect	cstackCOMMON
   497  0076                     __pcstackCOMMON:
   498  0076                     ?_Menu:
   499  0076                     ?_Texto:	
   500                           ; 1 bytes @ 0x0
   501                           
   502  0076                     ?_isr:	
   503                           ; 1 bytes @ 0x0
   504                           
   505  0076                     ??_isr:	
   506                           ; 1 bytes @ 0x0
   507                           
   508  0076                     ?_main:	
   509                           ; 1 bytes @ 0x0
   510                           
   511                           
   512                           ; 1 bytes @ 0x0
   513  0076                     	ds	4
   514  007A                     ??_Menu:
   515                           
   516                           	psect	cstackBANK0
   517  0020                     __pcstackBANK0:	
   518                           ; 1 bytes @ 0x4
   519                           
   520  0020                     ??_Texto:
   521                           
   522                           ; 1 bytes @ 0x0
   523  0020                     	ds	2
   524  0022                     Texto@i:
   525                           
   526                           ; 1 bytes @ 0x2
   527  0022                     	ds	1
   528  0023                     Texto@texto:
   529                           
   530                           ; 1 bytes @ 0x3
   531  0023                     	ds	1
   532  0024                     ??_main:
   533                           
   534                           ; 1 bytes @ 0x4
   535  0024                     	ds	3
   536                           
   537                           	psect	maintext
   538  001D                     __pmaintext:	
   539 ;;
   540 ;;Main: autosize = 0, tempsize = 3, incstack = 0, save=0
   541 ;;
   542 ;; *************** function _main *****************
   543 ;; Defined at:
   544 ;;		line 72 in file "EntregaCanvas.c"
   545 ;; Parameters:    Size  Location     Type
   546 ;;		None
   547 ;; Auto vars:     Size  Location     Type
   548 ;;		None
   549 ;; Return value:  Size  Location     Type
   550 ;;                  1    wreg      void 
   551 ;; Registers used:
   552 ;;		wreg, fsr0l, fsr0h, status,2, status,0, btemp+1, pclath, cstack
   553 ;; Tracked objects:
   554 ;;		On entry : B00/0
   555 ;;		On exit  : 0/0
   556 ;;		Unchanged: 0/0
   557 ;; Data sizes:     COMMON   BANK0   BANK1   BANK3   BANK2
   558 ;;      Params:         0       0       0       0       0
   559 ;;      Locals:         0       0       0       0       0
   560 ;;      Temps:          0       3       0       0       0
   561 ;;      Totals:         0       3       0       0       0
   562 ;;Total ram usage:        3 bytes
   563 ;; Hardware stack levels required when called:    4
   564 ;; This function calls:
   565 ;;		_Menu
   566 ;;		_Texto
   567 ;; This function is called by:
   568 ;;		Startup code after reset
   569 ;; This function uses a non-reentrant model
   570 ;;
   571                           
   572                           
   573                           ;psect for function _main
   574  001D                     _main:
   575  001D                     l917:	
   576                           ;incstack = 0
   577                           ; Regs used in _main: [wreg-fsr0h+status,2+status,0+btemp+1+pclath+cstack]
   578                           
   579                           
   580                           ;EntregaCanvas.c: 75:            Menu();
   581  001D  1683               	bsf	3,5	;RP0=1, select bank1
   582  001E  1303               	bcf	3,6	;RP1=0, select bank1
   583  001F  160F               	bsf	15,4	;volatile
   584                           
   585                           ;EntregaCanvas.c: 76:        }else if (Entrada == 2){
   586  0020  168F               	bsf	15,5	;volatile
   587                           
   588                           ;EntregaCanvas.c: 77:            Texto("\r");
   589  0021  170F               	bsf	15,6	;volatile
   590                           
   591                           ;EntregaCanvas.c: 80:            Valor = 0;
   592  0022  1698               	bsf	24,5	;volatile
   593                           
   594                           ;EntregaCanvas.c: 81:            while(continuar == 0){
   595  0023  1218               	bcf	24,4	;volatile
   596                           
   597                           ;EntregaCanvas.c: 82:                _delay((unsigned long)((100)*(8000000/4000.0)));
   598  0024  1283               	bcf	3,5	;RP0=0, select bank0
   599  0025  1303               	bcf	3,6	;RP1=0, select bank0
   600  0026  1798               	bsf	24,7	;volatile
   601  0027                     l919:
   602                           
   603                           ;EntregaCanvas.c: 83:                PORTB = Valor;
   604  0027  30E8               	movlw	232
   605  0028  008B               	movwf	11	;volatile
   606  0029                     l921:
   607                           
   608                           ;EntregaCanvas.c: 85:            Entrada = 0;
   609  0029  1618               	bsf	24,4	;volatile
   610  002A                     l923:
   611                           
   612                           ;EntregaCanvas.c: 86:            Texto("\r");
   613  002A  1683               	bsf	3,5	;RP0=1, select bank1
   614  002B  1303               	bcf	3,6	;RP1=0, select bank1
   615  002C  168C               	bsf	12,5	;volatile
   616  002D                     l925:
   617                           
   618                           ;EntregaCanvas.c: 87:            Texto("\r");
   619  002D  1283               	bcf	3,5	;RP0=0, select bank0
   620  002E  1303               	bcf	3,6	;RP1=0, select bank0
   621  002F  128C               	bcf	12,5	;volatile
   622                           
   623                           ;EntregaCanvas.c: 88:            Menu();
   624  0030  300C               	movlw	12
   625  0031  1683               	bsf	3,5	;RP0=1, select bank1
   626  0032  1303               	bcf	3,6	;RP1=0, select bank1
   627  0033  0099               	movwf	25	;volatile
   628  0034                     l927:
   629                           
   630                           ;EntregaCanvas.c: 91:            Texto("Ingresa un caracter para el puerto D: ");
   631  0034  1683               	bsf	3,5	;RP0=1, select bank3
   632  0035  1703               	bsf	3,6	;RP1=1, select bank3
   633  0036  0188               	clrf	8	;volatile
   634  0037                     l929:
   635                           
   636                           ;EntregaCanvas.c: 92:            continuar = 0;
   637  0037  0189               	clrf	9	;volatile
   638  0038                     l931:
   639                           
   640                           ;EntregaCanvas.c: 93:            Valor = 0;
   641  0038  1683               	bsf	3,5	;RP0=1, select bank1
   642  0039  1303               	bcf	3,6	;RP1=0, select bank1
   643  003A  0186               	clrf	6	;volatile
   644  003B                     l933:
   645                           
   646                           ;EntregaCanvas.c: 94:            while(continuar == 0){
   647  003B  0188               	clrf	8	;volatile
   648  003C                     l935:
   649                           
   650                           ;EntregaCanvas.c: 95:                _delay((unsigned long)((100)*(8000000/4000.0)));
   651  003C  0185               	clrf	5	;volatile
   652  003D                     l937:
   653                           
   654                           ;EntregaCanvas.c: 98:            Entrada = 0;
   655  003D  1283               	bcf	3,5	;RP0=0, select bank0
   656  003E  1303               	bcf	3,6	;RP1=0, select bank0
   657  003F  0185               	clrf	5	;volatile
   658  0040                     l939:
   659                           
   660                           ;EntregaCanvas.c: 99:            Texto("\r");
   661  0040  0186               	clrf	6	;volatile
   662  0041                     l941:
   663                           
   664                           ;EntregaCanvas.c: 100:            Texto("\r");
   665  0041  0187               	clrf	7	;volatile
   666  0042                     l943:
   667                           
   668                           ;EntregaCanvas.c: 101:            Menu();
   669  0042  0188               	clrf	8	;volatile
   670  0043                     l945:
   671                           
   672                           ;EntregaCanvas.c: 102:        }
   673  0043  0189               	clrf	9	;volatile
   674  0044                     l947:
   675                           
   676                           ;EntregaCanvas.c: 106: }
   677  0044  120A  118A  2233  120A  118A  	fcall	_Menu
   678  0049                     l949:
   679                           
   680                           ;EntregaCanvas.c: 108: void Texto(char texto[]){
   681  0049  0374               	decf	_Entrada,w
   682  004A  0475               	iorwf	_Entrada+1,w
   683  004B  1D03               	btfss	3,2
   684  004C  284E               	goto	u181
   685  004D  284F               	goto	u180
   686  004E                     u181:
   687  004E  286A               	goto	l961
   688  004F                     u180:
   689  004F                     l951:
   690                           
   691                           ;EntregaCanvas.c: 109:     char i = 0;
   692  004F  308E               	movlw	(low (((STR_13+26)-__stringbase)| (0+32768)))& (0+255)
   693  0050  120A  118A  2207  120A  118A  	fcall	_Texto
   694                           
   695                           ;EntregaCanvas.c: 110:     while(texto[i] != '\0'){
   696  0055  30B8               	movlw	(low ((STR_2-__stringbase)| (0+32768)))& (0+255)
   697  0056  120A  118A  2207  120A  118A  	fcall	_Texto
   698  005B                     l953:
   699                           
   700                           ;EntregaCanvas.c: 111:         TXREG = texto[i];
   701  005B  01F4               	clrf	_Entrada
   702  005C  01F5               	clrf	_Entrada+1
   703  005D                     l955:
   704                           
   705                           ;EntregaCanvas.c: 112:         i++;
   706  005D  308E               	movlw	(low (((STR_13+26)-__stringbase)| (0+32768)))& (0+255)
   707  005E  120A  118A  2207  120A  118A  	fcall	_Texto
   708  0063                     l957:
   709                           
   710                           ;EntregaCanvas.c: 113:         _delay((unsigned long)((20)*(8000000/4000.0)));
   711  0063  308E               	movlw	(low (((STR_13+26)-__stringbase)| (0+32768)))& (0+255)
   712  0064  120A  118A  2207  120A  118A  	fcall	_Texto
   713  0069  2844               	goto	l947
   714  006A                     l961:
   715  006A  3002               	movlw	2
   716  006B  0674               	xorwf	_Entrada,w
   717  006C  0475               	iorwf	_Entrada+1,w
   718  006D  1D03               	btfss	3,2
   719  006E  2870               	goto	u191
   720  006F  2871               	goto	u190
   721  0070                     u191:
   722  0070  28AA               	goto	l981
   723  0071                     u190:
   724  0071                     l963:
   725                           
   726                           ;EntregaCanvas.c: 116: void Menu(void){
   727  0071  308E               	movlw	(low (((STR_13+26)-__stringbase)| (0+32768)))& (0+255)
   728  0072  120A  118A  2207  120A  118A  	fcall	_Texto
   729                           
   730                           ;EntregaCanvas.c: 117:     Texto("Que accion desea ejcutar? \r");
   731  0077  3001               	movlw	(low ((STR_6-__stringbase)| (0+32768)))& (0+255)
   732  0078  120A  118A  2207  120A  118A  	fcall	_Texto
   733  007D                     l965:
   734                           
   735                           ;EntregaCanvas.c: 118:     Texto("(1) Desplegar cadena de caracteres \r");
   736  007D  01F2               	clrf	_continuar
   737  007E  01F3               	clrf	_continuar+1
   738  007F                     l967:
   739                           
   740                           ;EntregaCanvas.c: 119:     Texto("(2) Cambiar PORTB \r");
   741  007F  01F0               	clrf	_Valor
   742  0080  01F1               	clrf	_Valor+1
   743                           
   744                           ;EntregaCanvas.c: 120:     Texto("(3) Cambiar PORTD \r");
   745  0081  2895               	goto	l971
   746  0082                     l969:
   747                           
   748                           ;EntregaCanvas.c: 121: }
   749  0082  3002               	movlw	2
   750  0083  1283               	bcf	3,5	;RP0=0, select bank0
   751  0084  1303               	bcf	3,6	;RP1=0, select bank0
   752  0085  00A6               	movwf	??_main+2
   753  0086  3004               	movlw	4
   754  0087  00A5               	movwf	??_main+1
   755  0088  30B9               	movlw	185
   756  0089  00A4               	movwf	??_main
   757  008A                     u237:
   758  008A  0BA4               	decfsz	??_main,f
   759  008B  288A               	goto	u237
   760  008C  0BA5               	decfsz	??_main+1,f
   761  008D  288A               	goto	u237
   762  008E  0BA6               	decfsz	??_main+2,f
   763  008F  288A               	goto	u237
   764  0090  2891               	nop2
   765  0091  0870               	movf	_Valor,w
   766  0092  1283               	bcf	3,5	;RP0=0, select bank0
   767  0093  1303               	bcf	3,6	;RP1=0, select bank0
   768  0094  0086               	movwf	6	;volatile
   769  0095                     l971:
   770                           
   771                           ;EntregaCanvas.c: 120:     Texto("(3) Cambiar PORTD \r");
   772  0095  0872               	movf	_continuar,w
   773  0096  0473               	iorwf	_continuar+1,w
   774  0097  1903               	btfsc	3,2
   775  0098  289A               	goto	u201
   776  0099  289B               	goto	u200
   777  009A                     u201:
   778  009A  2882               	goto	l969
   779  009B                     u200:
   780  009B                     l973:
   781  009B  01F4               	clrf	_Entrada
   782  009C  01F5               	clrf	_Entrada+1
   783  009D                     l975:
   784  009D  308E               	movlw	(low (((STR_13+26)-__stringbase)| (0+32768)))& (0+255)
   785  009E  120A  118A  2207  120A  118A  	fcall	_Texto
   786  00A3                     l977:
   787  00A3  308E               	movlw	(low (((STR_13+26)-__stringbase)| (0+32768)))& (0+255)
   788  00A4  120A  118A  2207  120A  118A  	fcall	_Texto
   789  00A9  2844               	goto	l947
   790  00AA                     l981:
   791  00AA  3003               	movlw	3
   792  00AB  0674               	xorwf	_Entrada,w
   793  00AC  0475               	iorwf	_Entrada+1,w
   794  00AD  1D03               	btfss	3,2
   795  00AE  28B0               	goto	u211
   796  00AF  28B1               	goto	u210
   797  00B0                     u211:
   798  00B0  28EA               	goto	l82
   799  00B1                     u210:
   800  00B1                     l983:
   801  00B1  308E               	movlw	(low (((STR_13+26)-__stringbase)| (0+32768)))& (0+255)
   802  00B2  120A  118A  2207  120A  118A  	fcall	_Texto
   803  00B7  3028               	movlw	(low ((STR_10-__stringbase)| (0+32768)))& (0+255)
   804  00B8  120A  118A  2207  120A  118A  	fcall	_Texto
   805  00BD                     l985:
   806  00BD  01F2               	clrf	_continuar
   807  00BE  01F3               	clrf	_continuar+1
   808  00BF                     l987:
   809  00BF  01F0               	clrf	_Valor
   810  00C0  01F1               	clrf	_Valor+1
   811  00C1  28D5               	goto	l991
   812  00C2                     l989:
   813  00C2  3002               	movlw	2
   814  00C3  1283               	bcf	3,5	;RP0=0, select bank0
   815  00C4  1303               	bcf	3,6	;RP1=0, select bank0
   816  00C5  00A6               	movwf	??_main+2
   817  00C6  3004               	movlw	4
   818  00C7  00A5               	movwf	??_main+1
   819  00C8  30B9               	movlw	185
   820  00C9  00A4               	movwf	??_main
   821  00CA                     u247:
   822  00CA  0BA4               	decfsz	??_main,f
   823  00CB  28CA               	goto	u247
   824  00CC  0BA5               	decfsz	??_main+1,f
   825  00CD  28CA               	goto	u247
   826  00CE  0BA6               	decfsz	??_main+2,f
   827  00CF  28CA               	goto	u247
   828  00D0  28D1               	nop2
   829  00D1  0870               	movf	_Valor,w
   830  00D2  1283               	bcf	3,5	;RP0=0, select bank0
   831  00D3  1303               	bcf	3,6	;RP1=0, select bank0
   832  00D4  0088               	movwf	8	;volatile
   833  00D5                     l991:
   834  00D5  0872               	movf	_continuar,w
   835  00D6  0473               	iorwf	_continuar+1,w
   836  00D7  1903               	btfsc	3,2
   837  00D8  28DA               	goto	u221
   838  00D9  28DB               	goto	u220
   839  00DA                     u221:
   840  00DA  28C2               	goto	l989
   841  00DB                     u220:
   842  00DB                     l993:
   843  00DB  01F4               	clrf	_Entrada
   844  00DC  01F5               	clrf	_Entrada+1
   845  00DD                     l995:
   846  00DD  308E               	movlw	(low (((STR_13+26)-__stringbase)| (0+32768)))& (0+255)
   847  00DE  120A  118A  2207  120A  118A  	fcall	_Texto
   848  00E3                     l997:
   849  00E3  308E               	movlw	(low (((STR_13+26)-__stringbase)| (0+32768)))& (0+255)
   850  00E4  120A  118A  2207  120A  118A  	fcall	_Texto
   851  00E9  2844               	goto	l947
   852  00EA                     l82:
   853  00EA  2849               	goto	l949
   854  00EB  120A  118A  280C   	ljmp	start
   855  00EE                     __end_of_main:
   856                           
   857                           	psect	text1
   858  0233                     __ptext1:	
   859 ;; *************** function _Menu *****************
   860 ;; Defined at:
   861 ;;		line 155 in file "EntregaCanvas.c"
   862 ;; Parameters:    Size  Location     Type
   863 ;;		None
   864 ;; Auto vars:     Size  Location     Type
   865 ;;		None
   866 ;; Return value:  Size  Location     Type
   867 ;;                  1    wreg      void 
   868 ;; Registers used:
   869 ;;		wreg, fsr0l, fsr0h, status,2, status,0, btemp+1, pclath, cstack
   870 ;; Tracked objects:
   871 ;;		On entry : 0/0
   872 ;;		On exit  : 0/0
   873 ;;		Unchanged: 0/0
   874 ;; Data sizes:     COMMON   BANK0   BANK1   BANK3   BANK2
   875 ;;      Params:         0       0       0       0       0
   876 ;;      Locals:         0       0       0       0       0
   877 ;;      Temps:          0       0       0       0       0
   878 ;;      Totals:         0       0       0       0       0
   879 ;;Total ram usage:        0 bytes
   880 ;; Hardware stack levels used:    1
   881 ;; Hardware stack levels required when called:    3
   882 ;; This function calls:
   883 ;;		_Texto
   884 ;; This function is called by:
   885 ;;		_main
   886 ;; This function uses a non-reentrant model
   887 ;;
   888                           
   889                           
   890                           ;psect for function _Menu
   891  0233                     _Menu:
   892  0233                     l915:	
   893                           ;incstack = 0
   894                           ; Regs used in _Menu: [wreg-fsr0h+status,2+status,0+btemp+1+pclath+cstack]
   895                           
   896  0233  3074               	movlw	(low ((STR_13-__stringbase)| (0+32768)))& (0+255)
   897  0234  120A  118A  2207  120A  118A  	fcall	_Texto
   898  0239  304F               	movlw	(low ((STR_14-__stringbase)| (0+32768)))& (0+255)
   899  023A  120A  118A  2207  120A  118A  	fcall	_Texto
   900  023F  3090               	movlw	(low ((STR_15-__stringbase)| (0+32768)))& (0+255)
   901  0240  120A  118A  2207  120A  118A  	fcall	_Texto
   902  0245  30A4               	movlw	(low ((STR_16-__stringbase)| (0+32768)))& (0+255)
   903  0246  120A  118A  2207  120A  118A  	fcall	_Texto
   904  024B                     l103:
   905  024B  0008               	return
   906  024C                     __end_of_Menu:
   907                           
   908                           	psect	text2
   909  0207                     __ptext2:	
   910 ;; *************** function _Texto *****************
   911 ;; Defined at:
   912 ;;		line 147 in file "EntregaCanvas.c"
   913 ;; Parameters:    Size  Location     Type
   914 ;;  texto           1    wreg     PTR unsigned char 
   915 ;;		 -> STR_16(20), STR_15(20), STR_14(37), STR_13(28), 
   916 ;;		 -> STR_12(2), STR_11(2), STR_10(39), STR_9(2), 
   917 ;;		 -> STR_8(2), STR_7(2), STR_6(39), STR_5(2), 
   918 ;;		 -> STR_4(2), STR_3(2), STR_2(15), STR_1(2), 
   919 ;; Auto vars:     Size  Location     Type
   920 ;;  texto           1    3[BANK0 ] PTR unsigned char 
   921 ;;		 -> STR_16(20), STR_15(20), STR_14(37), STR_13(28), 
   922 ;;		 -> STR_12(2), STR_11(2), STR_10(39), STR_9(2), 
   923 ;;		 -> STR_8(2), STR_7(2), STR_6(39), STR_5(2), 
   924 ;;		 -> STR_4(2), STR_3(2), STR_2(15), STR_1(2), 
   925 ;;  i               1    2[BANK0 ] unsigned char 
   926 ;; Return value:  Size  Location     Type
   927 ;;                  1    wreg      void 
   928 ;; Registers used:
   929 ;;		wreg, fsr0l, fsr0h, status,2, status,0, btemp+1, pclath
   930 ;; Tracked objects:
   931 ;;		On entry : 0/0
   932 ;;		On exit  : 0/0
   933 ;;		Unchanged: 0/0
   934 ;; Data sizes:     COMMON   BANK0   BANK1   BANK3   BANK2
   935 ;;      Params:         0       0       0       0       0
   936 ;;      Locals:         0       2       0       0       0
   937 ;;      Temps:          0       2       0       0       0
   938 ;;      Totals:         0       4       0       0       0
   939 ;;Total ram usage:        4 bytes
   940 ;; Hardware stack levels used:    2
   941 ;; Hardware stack levels required when called:    1
   942 ;; This function calls:
   943 ;;		Nothing
   944 ;; This function is called by:
   945 ;;		_main
   946 ;;		_Menu
   947 ;; This function uses a non-reentrant model
   948 ;;
   949                           
   950                           
   951                           ;psect for function _Texto
   952  0207                     _Texto:
   953                           
   954                           ;incstack = 0
   955                           ; Regs used in _Texto: [wreg-fsr0h+status,2+status,0+btemp+1+pclath]
   956                           ;Texto@texto stored from wreg
   957  0207  1283               	bcf	3,5	;RP0=0, select bank0
   958  0208  1303               	bcf	3,6	;RP1=0, select bank0
   959  0209  00A3               	movwf	Texto@texto
   960  020A                     l905:
   961  020A  01A2               	clrf	Texto@i
   962  020B  2A23               	goto	l913
   963  020C                     l907:
   964  020C  0822               	movf	Texto@i,w
   965  020D  0723               	addwf	Texto@texto,w
   966  020E  0084               	movwf	4
   967  020F  120A  118A  2100  120A  118A  	fcall	stringdir
   968  0214  0099               	movwf	25	;volatile
   969  0215                     l909:
   970  0215  3001               	movlw	1
   971  0216  00FF               	movwf	btemp+1
   972  0217  087F               	movf	btemp+1,w
   973  0218  07A2               	addwf	Texto@i,f
   974  0219                     l911:
   975  0219  3034               	movlw	52
   976  021A  1283               	bcf	3,5	;RP0=0, select bank0
   977  021B  1303               	bcf	3,6	;RP1=0, select bank0
   978  021C  00A1               	movwf	??_Texto+1
   979  021D  30F1               	movlw	241
   980  021E  00A0               	movwf	??_Texto
   981  021F                     u257:
   982  021F  0BA0               	decfsz	??_Texto,f
   983  0220  2A1F               	goto	u257
   984  0221  0BA1               	decfsz	??_Texto+1,f
   985  0222  2A1F               	goto	u257
   986  0223                     l913:
   987  0223  1283               	bcf	3,5	;RP0=0, select bank0
   988  0224  1303               	bcf	3,6	;RP1=0, select bank0
   989  0225  0822               	movf	Texto@i,w
   990  0226  0723               	addwf	Texto@texto,w
   991  0227  0084               	movwf	4
   992  0228  120A  118A  2100  120A  118A  	fcall	stringdir
   993  022D  3A00               	xorlw	0
   994  022E  1D03               	skipz
   995  022F  2A31               	goto	u171
   996  0230  2A32               	goto	u170
   997  0231                     u171:
   998  0231  2A0C               	goto	l907
   999  0232                     u170:
  1000  0232                     l100:
  1001  0232  0008               	return
  1002  0233                     __end_of_Texto:
  1003                           
  1004                           	psect	text3
  1005  01CC                     __ptext3:	
  1006 ;; *************** function _isr *****************
  1007 ;; Defined at:
  1008 ;;		line 55 in file "EntregaCanvas.c"
  1009 ;; Parameters:    Size  Location     Type
  1010 ;;		None
  1011 ;; Auto vars:     Size  Location     Type
  1012 ;;		None
  1013 ;; Return value:  Size  Location     Type
  1014 ;;                  1    wreg      void 
  1015 ;; Registers used:
  1016 ;;		wreg, status,2, status,0
  1017 ;; Tracked objects:
  1018 ;;		On entry : 0/0
  1019 ;;		On exit  : 0/0
  1020 ;;		Unchanged: 0/0
  1021 ;; Data sizes:     COMMON   BANK0   BANK1   BANK3   BANK2
  1022 ;;      Params:         0       0       0       0       0
  1023 ;;      Locals:         0       0       0       0       0
  1024 ;;      Temps:          4       0       0       0       0
  1025 ;;      Totals:         4       0       0       0       0
  1026 ;;Total ram usage:        4 bytes
  1027 ;; Hardware stack levels used:    1
  1028 ;; This function calls:
  1029 ;;		Nothing
  1030 ;; This function is called by:
  1031 ;;		Interrupt level 1
  1032 ;; This function uses a non-reentrant model
  1033 ;;
  1034                           
  1035                           
  1036                           ;psect for function _isr
  1037  01CC                     _isr:
  1038  01CC                     i1l707:
  1039                           
  1040                           ;EntregaCanvas.c: 56:     TRISA = 0;
  1041  01CC  1283               	bcf	3,5	;RP0=0, select bank0
  1042  01CD  1303               	bcf	3,6	;RP1=0, select bank0
  1043  01CE  1E8C               	btfss	12,5	;volatile
  1044  01CF  29D1               	goto	u2_21
  1045  01D0  29D2               	goto	u2_20
  1046  01D1                     u2_21:
  1047  01D1  2A00               	goto	i1l75
  1048  01D2                     u2_20:
  1049  01D2                     i1l709:
  1050                           
  1051                           ;EntregaCanvas.c: 57: 
  1052  01D2  128C               	bcf	12,5	;volatile
  1053                           
  1054                           ;EntregaCanvas.c: 58: 
  1055  01D3  1405               	bsf	5,0	;volatile
  1056  01D4                     i1l711:
  1057                           
  1058                           ;EntregaCanvas.c: 59:     PORTA = 0;
  1059  01D4  081A               	movf	26,w	;volatile
  1060  01D5  00F6               	movwf	??_isr
  1061  01D6  01F7               	clrf	??_isr+1
  1062  01D7  0876               	movf	??_isr,w
  1063  01D8  00F0               	movwf	_Valor
  1064  01D9  0877               	movf	??_isr+1,w
  1065  01DA  00F1               	movwf	_Valor+1
  1066                           
  1067                           ;EntregaCanvas.c: 60:     PORTB = 0;
  1068  01DB  3001               	movlw	1
  1069  01DC  00F2               	movwf	_continuar
  1070  01DD  3000               	movlw	0
  1071  01DE  00F3               	movwf	_continuar+1
  1072  01DF                     i1l713:
  1073                           
  1074                           ;EntregaCanvas.c: 61:     PORTC = 0;
  1075  01DF  3031               	movlw	49
  1076  01E0  061A               	xorwf	26,w	;volatile
  1077  01E1  1D03               	btfss	3,2
  1078  01E2  29E4               	goto	u3_21
  1079  01E3  29E5               	goto	u3_20
  1080  01E4                     u3_21:
  1081  01E4  29EA               	goto	i1l717
  1082  01E5                     u3_20:
  1083  01E5                     i1l715:
  1084                           
  1085                           ;EntregaCanvas.c: 62:     PORTD = 0;
  1086  01E5  3001               	movlw	1
  1087  01E6  00F4               	movwf	_Entrada
  1088  01E7  3000               	movlw	0
  1089  01E8  00F5               	movwf	_Entrada+1
  1090                           
  1091                           ;EntregaCanvas.c: 63:     PORTE = 0;
  1092  01E9  2A00               	goto	i1l75
  1093  01EA                     i1l717:
  1094  01EA  3032               	movlw	50
  1095  01EB  061A               	xorwf	26,w	;volatile
  1096  01EC  1D03               	btfss	3,2
  1097  01ED  29EF               	goto	u4_21
  1098  01EE  29F0               	goto	u4_20
  1099  01EF                     u4_21:
  1100  01EF  29F5               	goto	i1l721
  1101  01F0                     u4_20:
  1102  01F0                     i1l719:
  1103                           
  1104                           ;EntregaCanvas.c: 64: 
  1105  01F0  3002               	movlw	2
  1106  01F1  00F4               	movwf	_Entrada
  1107  01F2  3000               	movlw	0
  1108  01F3  00F5               	movwf	_Entrada+1
  1109                           
  1110                           ;EntregaCanvas.c: 65: 
  1111  01F4  2A00               	goto	i1l75
  1112  01F5                     i1l721:
  1113  01F5  3033               	movlw	51
  1114  01F6  061A               	xorwf	26,w	;volatile
  1115  01F7  1D03               	btfss	3,2
  1116  01F8  29FA               	goto	u5_21
  1117  01F9  29FB               	goto	u5_20
  1118  01FA                     u5_21:
  1119  01FA  2A00               	goto	i1l71
  1120  01FB                     u5_20:
  1121  01FB                     i1l723:
  1122                           
  1123                           ;EntregaCanvas.c: 66: 
  1124  01FB  3003               	movlw	3
  1125  01FC  00F4               	movwf	_Entrada
  1126  01FD  3000               	movlw	0
  1127  01FE  00F5               	movwf	_Entrada+1
  1128  01FF  2A00               	goto	i1l75
  1129  0200                     i1l71:
  1130  0200                     i1l75:
  1131  0200  0879               	movf	??_isr+3,w
  1132  0201  008A               	movwf	10
  1133  0202  0E78               	swapf	(??_isr+2)^(0+4294967168),w
  1134  0203  0083               	movwf	3
  1135  0204  0EFE               	swapf	btemp,f
  1136  0205  0E7E               	swapf	btemp,w
  1137  0206  0009               	retfie
  1138  0207                     __end_of_isr:
  1139  007E                     btemp	set	126	;btemp
  1140  007E                     wtemp0	set	126
  1141                           
  1142                           	psect	intentry
  1143  0004                     __pintentry:	
  1144                           ;incstack = 0
  1145                           ; Regs used in _isr: [wreg+status,2+status,0]
  1146                           
  1147  0004                     interrupt_function:
  1148  007E                     saved_w	set	btemp
  1149  0004  00FE               	movwf	btemp
  1150  0005  0E03               	swapf	3,w
  1151  0006  00F8               	movwf	??_isr+2
  1152  0007  080A               	movf	10,w
  1153  0008  00F9               	movwf	??_isr+3
  1154  0009  120A  118A  29CC   	ljmp	_isr
  1155                           
  1156                           	psect	config
  1157                           
  1158                           ;Config register CONFIG1 @ 0x2007
  1159                           ;	Oscillator Selection bits
  1160                           ;	FOSC = INTRC_NOCLKOUT, INTOSCIO oscillator: I/O function on RA6/OSC2/CLKOUT pin, I/O f
      +                          unction on RA7/OSC1/CLKIN
  1161                           ;	Watchdog Timer Enable bit
  1162                           ;	WDTE = OFF, WDT disabled and can be enabled by SWDTEN bit of the WDTCON register
  1163                           ;	Power-up Timer Enable bit
  1164                           ;	PWRTE = OFF, PWRT disabled
  1165                           ;	RE3/MCLR pin function select bit
  1166                           ;	MCLRE = OFF, RE3/MCLR pin function is digital input, MCLR internally tied to VDD
  1167                           ;	Code Protection bit
  1168                           ;	CP = OFF, Program memory code protection is disabled
  1169                           ;	Data Code Protection bit
  1170                           ;	CPD = OFF, Data memory code protection is disabled
  1171                           ;	Brown Out Reset Selection bits
  1172                           ;	BOREN = OFF, BOR disabled
  1173                           ;	Internal External Switchover bit
  1174                           ;	IESO = OFF, Internal/External Switchover mode is disabled
  1175                           ;	Fail-Safe Clock Monitor Enabled bit
  1176                           ;	FCMEN = OFF, Fail-Safe Clock Monitor is disabled
  1177                           ;	Low Voltage Programming Enable bit
  1178                           ;	LVP = ON, RB3/PGM pin has PGM function, low voltage programming enabled
  1179                           ;	In-Circuit Debugger Mode bit
  1180                           ;	DEBUG = 0x1, unprogrammed default
  1181  2007                     	org	8199
  1182  2007  30D4               	dw	12500
  1183                           
  1184                           ;Config register CONFIG2 @ 0x2008
  1185                           ;	Brown-out Reset Selection bit
  1186                           ;	BOR4V = BOR40V, Brown-out Reset set to 4.0V
  1187                           ;	Flash Program Memory Self Write Enable bits
  1188                           ;	WRT = OFF, Write protection off
  1189  2008                     	org	8200
  1190  2008  3FFF               	dw	16383

Data Sizes:
    Strings     198
    Constant    0
    Data        0
    BSS         8
    Persistent  0
    Stack       0

Auto Spaces:
    Space          Size  Autos    Used
    COMMON           14      4      10
    BANK0            80      7       9
    BANK1            80      0       0
    BANK3            96      0       0
    BANK2            96      0       0

Pointer List with Targets:

    Texto@texto	PTR unsigned char  size(1) Largest target is 39
		 -> STR_16(CODE[20]), STR_15(CODE[20]), STR_14(CODE[37]), STR_13(CODE[28]), 
		 -> STR_12(CODE[2]), STR_11(CODE[2]), STR_10(CODE[39]), STR_9(CODE[2]), 
		 -> STR_8(CODE[2]), STR_7(CODE[2]), STR_6(CODE[39]), STR_5(CODE[2]), 
		 -> STR_4(CODE[2]), STR_3(CODE[2]), STR_2(CODE[15]), STR_1(CODE[2]), 


Critical Paths under _main in COMMON

    None.

Critical Paths under _isr in COMMON

    None.

Critical Paths under _main in BANK0

    _main->_Texto
    _Menu->_Texto

Critical Paths under _isr in BANK0

    None.

Critical Paths under _main in BANK1

    None.

Critical Paths under _isr in BANK1

    None.

Critical Paths under _main in BANK3

    None.

Critical Paths under _isr in BANK3

    None.

Critical Paths under _main in BANK2

    None.

Critical Paths under _isr in BANK2

    None.

Call Graph Tables:

 ---------------------------------------------------------------------------------
 (Depth) Function   	        Calls       Base Space   Used Autos Params    Refs
 ---------------------------------------------------------------------------------
 (0) _main                                                 3     3      0    1412
                                              4 BANK0      3     3      0
                               _Menu
                              _Texto
 ---------------------------------------------------------------------------------
 (1) _Menu                                                 0     0      0     706
                              _Texto
 ---------------------------------------------------------------------------------
 (2) _Texto                                                4     4      0     706
                                              0 BANK0      4     4      0
 ---------------------------------------------------------------------------------
 Estimated maximum stack depth 2
 ---------------------------------------------------------------------------------
 (Depth) Function   	        Calls       Base Space   Used Autos Params    Refs
 ---------------------------------------------------------------------------------
 (4) _isr                                                  4     4      0       0
                                              0 COMMON     4     4      0
 ---------------------------------------------------------------------------------
 Estimated maximum stack depth 4
 ---------------------------------------------------------------------------------

 Call Graph Graphs:

 _main (ROOT)
   _Menu
     _Texto
   _Texto

 _isr (ROOT)

 Address spaces:
Name               Size   Autos  Total    Cost      Usage
BITCOMMON            E      0       0       0        0.0%
EEDATA             100      0       0       0        0.0%
NULL                 0      0       0       0        0.0%
CODE                 0      0       0       0        0.0%
COMMON               E      4       A       1       71.4%
BITSFR0              0      0       0       1        0.0%
SFR0                 0      0       0       1        0.0%
BITSFR1              0      0       0       2        0.0%
SFR1                 0      0       0       2        0.0%
STACK                0      0       0       2        0.0%
ABS                  0      0      13       3        0.0%
BITBANK0            50      0       0       4        0.0%
BITSFR3              0      0       0       4        0.0%
SFR3                 0      0       0       4        0.0%
BANK0               50      7       9       5       11.2%
BITSFR2              0      0       0       5        0.0%
SFR2                 0      0       0       5        0.0%
BITBANK1            50      0       0       6        0.0%
BANK1               50      0       0       7        0.0%
BITBANK3            60      0       0       8        0.0%
BANK3               60      0       0       9        0.0%
BITBANK2            60      0       0      10        0.0%
BANK2               60      0       0      11        0.0%
DATA                 0      0      13      12        0.0%


Microchip Technology PIC Macro Assembler V2.20 build 20200408173844 
Symbol Table                                                                                   Tue May 04 14:35:34 2021

                      pc 0002                       l82 00EA                       fsr 0004  
                    l100 0232                      l103 024B                      l911 0219  
                    l913 0223                      l905 020A                      l921 0029  
                    l907 020C                      l915 0233                      l931 0038  
                    l923 002A                      l909 0215                      l941 0041  
                    l933 003B                      l925 002D                      l917 001D  
                    l951 004F                      l943 0042                      l935 003C  
                    l927 0034                      l919 0027                      l953 005B  
                    l961 006A                      l945 0043                      l937 003D  
                    l929 0037                      l971 0095                      l963 0071  
                    l955 005D                      l947 0044                      l939 0040  
                    l973 009B                      l965 007D                      l981 00AA  
                    l957 0063                      l949 0049                      l991 00D5  
                    l983 00B1                      l975 009D                      l967 007F  
                    l993 00DB                      l985 00BD                      l977 00A3  
                    l969 0082                      l995 00DD                      l987 00BF  
                    l997 00E3                      l989 00C2                      _RA0 0028  
                    u200 009B                      u201 009A                      u210 00B1  
                    u211 00B0                      u220 00DB                      u221 00DA  
                    u170 0232                      u171 0231                      u180 004F  
                    u237 008A                      u181 004E                      u190 0071  
                    u247 00CA                      u191 0070                      u257 021F  
                    _isr 01CC                      fsr0 0004                     ?_isr 0076  
                   STR_1 0193                     STR_2 01BD                     STR_3 0193  
                   STR_4 0193                     STR_5 0193                     STR_6 0106  
                   STR_7 0193                     STR_8 0193                     STR_9 0193  
                   _CREN 00C4                     _RCIF 0065                     i1l71 0200  
                   i1l75 0200                     _SPEN 00C7                     _TXEN 04C5  
                   _SYNC 04C4                     u2_20 01D2                     u2_21 01D1  
                   u3_20 01E5                     u3_21 01E4                     u4_20 01F0  
                   u4_21 01EF                     u5_20 01FB                     u5_21 01FA  
                   _Menu 0233                     _main 001D                     btemp 007E  
                   start 000C                    ??_isr 0076                    ?_Menu 0076  
                  ?_main 0076                    STR_10 012D                    STR_11 0193  
                  STR_12 0193                    STR_13 0179                    STR_14 0154  
                  STR_15 0195                    STR_16 01A9                    _ANSEL 0188  
                  _IRCF0 047C                    _IRCF1 047D                    _IRCF2 047E  
                  i1l711 01D4                    i1l721 01F5                    i1l713 01DF  
                  i1l723 01FB                    i1l715 01E5                    i1l707 01CC  
                  i1l717 01EA                    i1l709 01D2                    i1l719 01F0  
                  _RCREG 001A                    _SPBRG 0099                    _PORTA 0005  
                  _PORTB 0006                    _PORTC 0007                    _PORTD 0008  
                  _PORTE 0009                    _TRISA 0085                    _TRISB 0086  
                  _TRISD 0088                    _TXREG 0019                    _Valor 0070  
                  _Texto 0207                    pclath 000A                    status 0003  
                  wtemp0 007E               _V_Receptor 0027          __initialization 000F  
           __end_of_Menu 024C             __end_of_main 00EE                   ??_Menu 007A  
                 ??_main 0024                   ?_Texto 0076                   _ANSELH 0189  
                 _INTCON 000B                   Texto@i 0022                   saved_w 007E  
             Texto@texto 0023  __end_of__initialization 0019           __pcstackCOMMON 0076  
          __end_of_Texto 0233                  ??_Texto 0020               __pbssBANK0 0027  
             __pmaintext 001D               __pintentry 0004               __stringtab 0100  
                _Entrada 0074                  __ptext1 0233                  __ptext2 0207  
                __ptext3 01CC             __size_of_isr 003B     end_of_initialization 0019  
    start_initialization 000F              __end_of_isr 0207              __pbssCOMMON 0070  
              ___latbits 0002            __pcstackBANK0 0020                __pstrings 0100  
              _continuar 0072           __size_of_Texto 002C        interrupt_function 0004  
               _PIE1bits 008C                 _PIR1bits 000C              __stringbase 0105  
     __end_of__stringtab 0106            __size_of_Menu 0019            __size_of_main 00D1  
               intlevel1 0000                stringcode 0100                 stringdir 0100  
               stringtab 0100  
